# JRE version: OpenJDK Runtime Environment Corretto-17.0.7.7.1 (17.0.7+7) (build 17.0.7+7-LTS)
# Java VM: OpenJDK 64-Bit Server VM Corretto-17.0.7.7.1 (17.0.7+7-LTS, mixed mode, sharing, tiered, compressed oops, compressed class ptrs, g1 gc, windows-amd64)
GC Precious Log:
 CPUs: 12 total, 12 available
 Memory: 16287M
 Large Page Support: Disabled
 NUMA Support: Disabled
 Compressed Oops: Enabled (Zero based)
 Heap Region Size: 2M
 Heap Min Capacity: 8M
 Heap Initial Capacity: 256M
 Heap Max Capacity: 4072M
 Pre-touch: Disabled
 Parallel Workers: 10
 Concurrent Workers: 3
 Concurrent Refinement Workers: 10
 Periodic GC: Disabled
Heap:
 garbage-first heap   total 157696K, used 121113K [0x0000000701800000, 0x0000000800000000)
  region size 2048K, 34 young (69632K), 4 survivors (8192K)
 Metaspace       used 35649K, committed 35840K, reserved 1114112K
  class space    used 4125K, committed 4224K, reserved 1048576K
GC Heap History (16 events):
Event: 0.304 GC heap before
{Heap before GC invocations=0 (full 0):
 garbage-first heap   total 262144K, used 22528K [0x0000000701800000, 0x0000000800000000)
  region size 2048K, 11 young (22528K), 0 survivors (0K)
 Metaspace       used 5758K, committed 5888K, reserved 1114112K
  class space    used 532K, committed 576K, reserved 1048576K
}
Event: 0.306 GC heap after
{Heap after GC invocations=1 (full 0):
 garbage-first heap   total 262144K, used 5061K [0x0000000701800000, 0x0000000800000000)
  region size 2048K, 2 young (4096K), 2 survivors (4096K)
 Metaspace       used 5758K, committed 5888K, reserved 1114112K
  class space    used 532K, committed 576K, reserved 1048576K
}
Event: 0.483 GC heap before
{Heap before GC invocations=1 (full 0):
 garbage-first heap   total 262144K, used 35781K [0x0000000701800000, 0x0000000800000000)
  region size 2048K, 17 young (34816K), 2 survivors (4096K)
 Metaspace       used 8176K, committed 8320K, reserved 1114112K
  class space    used 716K, committed 832K, reserved 1048576K
}
Event: 0.488 GC heap after
{Heap after GC invocations=2 (full 0):
 garbage-first heap   total 262144K, used 13059K [0x0000000701800000, 0x0000000800000000)
  region size 2048K, 3 young (6144K), 3 survivors (6144K)
 Metaspace       used 8176K, committed 8320K, reserved 1114112K
  class space    used 716K, committed 832K, reserved 1048576K
}
Event: 0.742 GC heap before
{Heap before GC invocations=2 (full 0):
 garbage-first heap   total 262144K, used 72451K [0x0000000701800000, 0x0000000800000000)
  region size 2048K, 32 young (65536K), 3 survivors (6144K)
 Metaspace       used 11968K, committed 12160K, reserved 1114112K
  class space    used 1059K, committed 1152K, reserved 1048576K
}
Event: 0.747 GC heap after
{Heap after GC invocations=3 (full 0):
 garbage-first heap   total 262144K, used 21221K [0x0000000701800000, 0x0000000800000000)
  region size 2048K, 4 young (8192K), 4 survivors (8192K)
 Metaspace       used 11968K, committed 12160K, reserved 1114112K
  class space    used 1059K, committed 1152K, reserved 1048576K
}
Event: 1.382 GC heap before
{Heap before GC invocations=3 (full 0):
 garbage-first heap   total 262144K, used 105189K [0x0000000701800000, 0x0000000800000000)
  region size 2048K, 45 young (92160K), 4 survivors (8192K)
 Metaspace       used 20520K, committed 20736K, reserved 1114112K
  class space    used 2140K, committed 2304K, reserved 1048576K
}
Event: 1.389 GC heap after
{Heap after GC invocations=4 (full 0):
 garbage-first heap   total 262144K, used 31864K [0x0000000701800000, 0x0000000800000000)
  region size 2048K, 6 young (12288K), 6 survivors (12288K)
 Metaspace       used 20520K, committed 20736K, reserved 1114112K
  class space    used 2140K, committed 2304K, reserved 1048576K
}
Event: 1.464 GC heap before
{Heap before GC invocations=4 (full 0):
 garbage-first heap   total 262144K, used 48248K [0x0000000701800000, 0x0000000800000000)
  region size 2048K, 15 young (30720K), 6 survivors (12288K)
 Metaspace       used 21289K, committed 21504K, reserved 1114112K
  class space    used 2256K, committed 2368K, reserved 1048576K
}
Event: 1.468 GC heap after
{Heap after GC invocations=5 (full 0):
 garbage-first heap   total 262144K, used 33747K [0x0000000701800000, 0x0000000800000000)
  region size 2048K, 7 young (14336K), 7 survivors (14336K)
 Metaspace       used 21289K, committed 21504K, reserved 1114112K
  class space    used 2256K, committed 2368K, reserved 1048576K
}
Event: 1.770 GC heap before
{Heap before GC invocations=6 (full 0):
 garbage-first heap   total 131072K, used 99283K [0x0000000701800000, 0x0000000800000000)
  region size 2048K, 40 young (81920K), 7 survivors (14336K)
 Metaspace       used 24552K, committed 24768K, reserved 1114112K
  class space    used 2628K, committed 2752K, reserved 1048576K
}
Event: 1.778 GC heap after
{Heap after GC invocations=7 (full 0):
 garbage-first heap   total 131072K, used 41324K [0x0000000701800000, 0x0000000800000000)
  region size 2048K, 5 young (10240K), 5 survivors (10240K)
 Metaspace       used 24552K, committed 24768K, reserved 1114112K
  class space    used 2628K, committed 2752K, reserved 1048576K
}
Event: 1.975 GC heap before
{Heap before GC invocations=7 (full 0):
 garbage-first heap   total 131072K, used 92524K [0x0000000701800000, 0x0000000800000000)
  region size 2048K, 30 young (61440K), 5 survivors (10240K)
 Metaspace       used 28396K, committed 28608K, reserved 1114112K
  class space    used 3077K, committed 3136K, reserved 1048576K
}
Event: 1.983 GC heap after
{Heap after GC invocations=8 (full 0):
 garbage-first heap   total 157696K, used 49113K [0x0000000701800000, 0x0000000800000000)
  region size 2048K, 4 young (8192K), 4 survivors (8192K)
 Metaspace       used 28396K, committed 28608K, reserved 1114112K
  class space    used 3077K, committed 3136K, reserved 1048576K
}
Event: 2.294 GC heap before
{Heap before GC invocations=8 (full 0):
 garbage-first heap   total 157696K, used 114649K [0x0000000701800000, 0x0000000800000000)
  region size 2048K, 36 young (73728K), 4 survivors (8192K)
 Metaspace       used 32044K, committed 32256K, reserved 1114112K
  class space    used 3598K, committed 3712K, reserved 1048576K
}
Event: 2.301 GC heap after
{Heap after GC invocations=9 (full 0):
 garbage-first heap   total 157696K, used 55577K [0x0000000701800000, 0x0000000800000000)
  region size 2048K, 4 young (8192K), 4 survivors (8192K)
 Metaspace       used 32044K, committed 32256K, reserved 1114112K
  class space    used 3598K, committed 3712K, reserved 1048576K
}

